<?xml version="1.0" encoding="UTF-8"?>
<!-- Generated by org.testng.reporters.JUnitReportReporter -->
<testsuite hostname="LAPTOP-H4T0KVF6" failures="0" tests="1" name="scripts.database" time="0.383" errors="1" timestamp="2022-09-26T00:50:05 IST" skipped="0">
  <testcase classname="scripts.database" name="demo" time="0.383">
    <error message="Unknown system variable &#039;language&#039;" type="java.sql.SQLException">
      <![CDATA[java.sql.SQLException: Unknown system variable 'language'
at com.mysql.jdbc.SQLError.createSQLException(SQLError.java:965)
at com.mysql.jdbc.MysqlIO.checkErrorPacket(MysqlIO.java:3933)
at com.mysql.jdbc.MysqlIO.checkErrorPacket(MysqlIO.java:3869)
at com.mysql.jdbc.MysqlIO.sendCommand(MysqlIO.java:2524)
at com.mysql.jdbc.MysqlIO.sqlQueryDirect(MysqlIO.java:2675)
at com.mysql.jdbc.ConnectionImpl.execSQL(ConnectionImpl.java:2465)
at com.mysql.jdbc.ConnectionImpl.execSQL(ConnectionImpl.java:2439)
at com.mysql.jdbc.StatementImpl.executeQuery(StatementImpl.java:1365)
at com.mysql.jdbc.ConnectionImpl.loadServerVariables(ConnectionImpl.java:3767)
at com.mysql.jdbc.ConnectionImpl.initializePropsFromServer(ConnectionImpl.java:3196)
at com.mysql.jdbc.ConnectionImpl.connectOneTryOnly(ConnectionImpl.java:2233)
at com.mysql.jdbc.ConnectionImpl.createNewIO(ConnectionImpl.java:2015)
at com.mysql.jdbc.ConnectionImpl.<init>(ConnectionImpl.java:768)
at com.mysql.jdbc.JDBC4Connection.<init>(JDBC4Connection.java:47)
at java.base/jdk.internal.reflect.NativeConstructorAccessorImpl.newInstance0(Native Method)
at java.base/jdk.internal.reflect.NativeConstructorAccessorImpl.newInstance(NativeConstructorAccessorImpl.java:77)
at java.base/jdk.internal.reflect.DelegatingConstructorAccessorImpl.newInstance(DelegatingConstructorAccessorImpl.java:45)
at java.base/java.lang.reflect.Constructor.newInstanceWithCaller(Constructor.java:499)
at java.base/java.lang.reflect.Constructor.newInstance(Constructor.java:480)
at com.mysql.jdbc.Util.handleNewInstance(Util.java:403)
at com.mysql.jdbc.ConnectionImpl.getInstance(ConnectionImpl.java:385)
at com.mysql.jdbc.NonRegisteringDriver.connect(NonRegisteringDriver.java:323)
at java.sql/java.sql.DriverManager.getConnection(DriverManager.java:681)
at java.sql/java.sql.DriverManager.getConnection(DriverManager.java:229)
at scripts.database.demo(database.java:26)
at java.base/jdk.internal.reflect.NativeMethodAccessorImpl.invoke0(Native Method)
at java.base/jdk.internal.reflect.NativeMethodAccessorImpl.invoke(NativeMethodAccessorImpl.java:77)
at java.base/jdk.internal.reflect.DelegatingMethodAccessorImpl.invoke(DelegatingMethodAccessorImpl.java:43)
at java.base/java.lang.reflect.Method.invoke(Method.java:568)
at org.testng.internal.MethodInvocationHelper.invokeMethod(MethodInvocationHelper.java:134)
at org.testng.internal.TestInvoker.invokeMethod(TestInvoker.java:597)
at org.testng.internal.TestInvoker.invokeTestMethod(TestInvoker.java:173)
at org.testng.internal.MethodRunner.runInSequence(MethodRunner.java:46)
at org.testng.internal.TestInvoker$MethodInvocationAgent.invoke(TestInvoker.java:816)
at org.testng.internal.TestInvoker.invokeTestMethods(TestInvoker.java:146)
at org.testng.internal.TestMethodWorker.invokeTestMethods(TestMethodWorker.java:146)
at org.testng.internal.TestMethodWorker.run(TestMethodWorker.java:128)
at java.base/java.util.ArrayList.forEach(ArrayList.java:1511)
at org.testng.TestRunner.privateRun(TestRunner.java:766)
at org.testng.TestRunner.run(TestRunner.java:587)
at org.testng.SuiteRunner.runTest(SuiteRunner.java:384)
at org.testng.SuiteRunner.runSequentially(SuiteRunner.java:378)
at org.testng.SuiteRunner.privateRun(SuiteRunner.java:337)
at org.testng.SuiteRunner.run(SuiteRunner.java:286)
at org.testng.SuiteRunnerWorker.runSuite(SuiteRunnerWorker.java:53)
at org.testng.SuiteRunnerWorker.run(SuiteRunnerWorker.java:96)
at org.testng.TestNG.runSuitesSequentially(TestNG.java:1187)
at org.testng.TestNG.runSuitesLocally(TestNG.java:1109)
at org.testng.TestNG.runSuites(TestNG.java:1039)
at org.testng.TestNG.run(TestNG.java:1007)
at org.testng.remote.AbstractRemoteTestNG.run(AbstractRemoteTestNG.java:115)
at org.testng.remote.RemoteTestNG.initAndRun(RemoteTestNG.java:251)
at org.testng.remote.RemoteTestNG.main(RemoteTestNG.java:77)
]]>
    </error>
  </testcase> <!-- demo -->
  <system-out/>
</testsuite> <!-- scripts.database -->
